Determining if the pthread_create exist failed with the following output:
Change Dir: /home/hans/Desktop/Raytracer/build/CMakeFiles/CMakeTmp

Run Build Command:"/usr/bin/make" "cmTryCompileExec3657397316/fast"
/usr/bin/make -f CMakeFiles/cmTryCompileExec3657397316.dir/build.make CMakeFiles/cmTryCompileExec3657397316.dir/build
make[1]: Entering directory `/home/hans/Desktop/Raytracer/build/CMakeFiles/CMakeTmp'
/usr/local/bin/cmake -E cmake_progress_report /home/hans/Desktop/Raytracer/build/CMakeFiles/CMakeTmp/CMakeFiles 1
Building C object CMakeFiles/cmTryCompileExec3657397316.dir/CheckSymbolExists.c.o
/usr/bin/cc    -o CMakeFiles/cmTryCompileExec3657397316.dir/CheckSymbolExists.c.o   -c /home/hans/Desktop/Raytracer/build/CMakeFiles/CMakeTmp/CheckSymbolExists.c
Linking C executable cmTryCompileExec3657397316
/usr/local/bin/cmake -E cmake_link_script CMakeFiles/cmTryCompileExec3657397316.dir/link.txt --verbose=1
/usr/bin/cc       CMakeFiles/cmTryCompileExec3657397316.dir/CheckSymbolExists.c.o  -o cmTryCompileExec3657397316 -rdynamic 
CMakeFiles/cmTryCompileExec3657397316.dir/CheckSymbolExists.c.o: In function `main':
CheckSymbolExists.c:(.text+0x16): undefined reference to `pthread_create'
collect2: error: ld returned 1 exit status
make[1]: *** [cmTryCompileExec3657397316] Error 1
make[1]: Leaving directory `/home/hans/Desktop/Raytracer/build/CMakeFiles/CMakeTmp'
make: *** [cmTryCompileExec3657397316/fast] Error 2

File /home/hans/Desktop/Raytracer/build/CMakeFiles/CMakeTmp/CheckSymbolExists.c:
/* */
#include <pthread.h>

int main(int argc, char** argv)
{
  (void)argv;
#ifndef pthread_create
  return ((int*)(&pthread_create))[argc];
#else
  (void)argc;
  return 0;
#endif
}

Determining if the function pthread_create exists in the pthreads failed with the following output:
Change Dir: /home/hans/Desktop/Raytracer/build/CMakeFiles/CMakeTmp

Run Build Command:"/usr/bin/make" "cmTryCompileExec1834987367/fast"
/usr/bin/make -f CMakeFiles/cmTryCompileExec1834987367.dir/build.make CMakeFiles/cmTryCompileExec1834987367.dir/build
make[1]: Entering directory `/home/hans/Desktop/Raytracer/build/CMakeFiles/CMakeTmp'
/usr/local/bin/cmake -E cmake_progress_report /home/hans/Desktop/Raytracer/build/CMakeFiles/CMakeTmp/CMakeFiles 1
Building C object CMakeFiles/cmTryCompileExec1834987367.dir/CheckFunctionExists.c.o
/usr/bin/cc   -DCHECK_FUNCTION_EXISTS=pthread_create   -o CMakeFiles/cmTryCompileExec1834987367.dir/CheckFunctionExists.c.o   -c /usr/local/share/cmake-3.0/Modules/CheckFunctionExists.c
Linking C executable cmTryCompileExec1834987367
/usr/local/bin/cmake -E cmake_link_script CMakeFiles/cmTryCompileExec1834987367.dir/link.txt --verbose=1
/usr/bin/cc   -DCHECK_FUNCTION_EXISTS=pthread_create    CMakeFiles/cmTryCompileExec1834987367.dir/CheckFunctionExists.c.o  -o cmTryCompileExec1834987367 -rdynamic -lpthreads 
/usr/bin/ld: cannot find -lpthreads
collect2: error: ld returned 1 exit status
make[1]: Leaving directory `/home/hans/Desktop/Raytracer/build/CMakeFiles/CMakeTmp'
make[1]: *** [cmTryCompileExec1834987367] Error 1
make: *** [cmTryCompileExec1834987367/fast] Error 2


Determining if the function glXGetProcAddressEXT exists failed with the following output:
Change Dir: /home/hans/Desktop/Raytracer/build/CMakeFiles/CMakeTmp

Run Build Command:"/usr/bin/make" "cmTryCompileExec2538633811/fast"
/usr/bin/make -f CMakeFiles/cmTryCompileExec2538633811.dir/build.make CMakeFiles/cmTryCompileExec2538633811.dir/build
make[1]: Entering directory `/home/hans/Desktop/Raytracer/build/CMakeFiles/CMakeTmp'
/usr/local/bin/cmake -E cmake_progress_report /home/hans/Desktop/Raytracer/build/CMakeFiles/CMakeTmp/CMakeFiles 1
Building C object CMakeFiles/cmTryCompileExec2538633811.dir/CheckFunctionExists.c.o
/usr/bin/cc   -DCHECK_FUNCTION_EXISTS=glXGetProcAddressEXT   -o CMakeFiles/cmTryCompileExec2538633811.dir/CheckFunctionExists.c.o   -c /usr/local/share/cmake-3.0/Modules/CheckFunctionExists.c
Linking C executable cmTryCompileExec2538633811
/usr/local/bin/cmake -E cmake_link_script CMakeFiles/cmTryCompileExec2538633811.dir/link.txt --verbose=1
/usr/bin/cc   -DCHECK_FUNCTION_EXISTS=glXGetProcAddressEXT    CMakeFiles/cmTryCompileExec2538633811.dir/CheckFunctionExists.c.o  -o cmTryCompileExec2538633811 -rdynamic -lGL 
CMakeFiles/cmTryCompileExec2538633811.dir/CheckFunctionExists.c.o: In function `main':
CheckFunctionExists.c:(.text+0x15): undefined reference to `glXGetProcAddressEXT'
collect2: error: ld returned 1 exit status
make[1]: Leaving directory `/home/hans/Desktop/Raytracer/build/CMakeFiles/CMakeTmp'
make[1]: *** [cmTryCompileExec2538633811] Error 1
make: *** [cmTryCompileExec2538633811/fast] Error 2


